# JRE version: OpenJDK Runtime Environment Temurin-21.0.12.1+1 (21.0.12.1+1) (build 21.0.12.1+1-LTS)
# Java VM: OpenJDK 64-Bit Server VM Temurin-21.0.12.1+1 (21.0.12.1+1-LTS, mixed mode, sharing, tiered, compressed oops, compressed class ptrs, g1 gc, windows-amd64)
GC Precious Log:
 CardTable entry size: 512
 Card Set container configuration: InlinePtr #cards 5 size 8 Array Of Cards #cards 12 size 40 Howl #buckets 4 coarsen threshold 1843 Howl Bitmap #cards 512 size 80 coarsen threshold 460 Card regions per heap region 1 cards per card region 2048
 CPUs: 12 total, 12 available
 Memory: 16068M
 Large Page Support: Disabled
 NUMA Support: Disabled
 Compressed Oops: Enabled (32-bit)
 Heap Region Size: 1M
 Heap Min Capacity: 8M
 Heap Initial Capacity: 252M
 Heap Max Capacity: 2G
 Pre-touch: Disabled
 Parallel Workers: 10
 Concurrent Workers: 3
 Concurrent Refinement Workers: 10
 Periodic GC: Disabled
Heap:
 garbage-first heap   total 97280K, used 42426K [0x0000000080000000, 0x0000000100000000)
  region size 1024K, 27 young (27648K), 10 survivors (10240K)
 Metaspace       used 29500K, committed 30656K, reserved 1114112K
  class space    used 4299K, committed 4864K, reserved 1048576K
GC Heap History (10 events):
Event: 2.280 GC heap before
{Heap before GC invocations=0 (full 0):
 garbage-first heap   total 258048K, used 23552K [0x0000000080000000, 0x0000000100000000)
  region size 1024K, 23 young (23552K), 0 survivors (0K)
 Metaspace       used 1005K, committed 1152K, reserved 1114112K
  class space    used 81K, committed 128K, reserved 1048576K
}
Event: 3.109 GC heap after
{Heap after GC invocations=1 (full 0):
 garbage-first heap   total 258048K, used 1770K [0x0000000080000000, 0x0000000100000000)
  region size 1024K, 2 young (2048K), 2 survivors (2048K)
 Metaspace       used 1005K, committed 1152K, reserved 1114112K
  class space    used 81K, committed 128K, reserved 1048576K
}
Event: 9.292 GC heap before
{Heap before GC invocations=1 (full 0):
 garbage-first heap   total 258048K, used 37610K [0x0000000080000000, 0x0000000100000000)
  region size 1024K, 35 young (35840K), 2 survivors (2048K)
 Metaspace       used 4473K, committed 4672K, reserved 1114112K
  class space    used 583K, committed 704K, reserved 1048576K
}
Event: 9.301 GC heap after
{Heap after GC invocations=2 (full 0):
 garbage-first heap   total 258048K, used 10607K [0x0000000080000000, 0x0000000100000000)
  region size 1024K, 5 young (5120K), 5 survivors (5120K)
 Metaspace       used 4473K, committed 4672K, reserved 1114112K
  class space    used 583K, committed 704K, reserved 1048576K
}
Event: 18.396 GC heap before
{Heap before GC invocations=2 (full 0):
 garbage-first heap   total 258048K, used 60783K [0x0000000080000000, 0x0000000100000000)
  region size 1024K, 52 young (53248K), 5 survivors (5120K)
 Metaspace       used 4732K, committed 4928K, reserved 1114112K
  class space    used 610K, committed 704K, reserved 1048576K
}
Event: 18.404 GC heap after
{Heap after GC invocations=3 (full 0):
 garbage-first heap   total 258048K, used 15974K [0x0000000080000000, 0x0000000100000000)
  region size 1024K, 5 young (5120K), 5 survivors (5120K)
 Metaspace       used 4732K, committed 4928K, reserved 1114112K
  class space    used 610K, committed 704K, reserved 1048576K
}
Event: 299.459 GC heap before
{Heap before GC invocations=3 (full 0):
 garbage-first heap   total 258048K, used 122470K [0x0000000080000000, 0x0000000100000000)
  region size 1024K, 109 young (111616K), 5 survivors (5120K)
 Metaspace       used 20853K, committed 21504K, reserved 1114112K
  class space    used 2878K, committed 3200K, reserved 1048576K
}
Event: 299.885 GC heap after
{Heap after GC invocations=4 (full 0):
 garbage-first heap   total 258048K, used 23122K [0x0000000080000000, 0x0000000100000000)
  region size 1024K, 12 young (12288K), 12 survivors (12288K)
 Metaspace       used 20853K, committed 21504K, reserved 1114112K
  class space    used 2878K, committed 3200K, reserved 1048576K
}
Event: 321.442 GC heap before
{Heap before GC invocations=5 (full 0):
 garbage-first heap   total 81920K, used 80466K [0x0000000080000000, 0x0000000100000000)
  region size 1024K, 68 young (69632K), 12 survivors (12288K)
 Metaspace       used 27686K, committed 28672K, reserved 1114112K
  class space    used 4005K, committed 4480K, reserved 1048576K
}
Event: 321.465 GC heap after
{Heap after GC invocations=6 (full 0):
 garbage-first heap   total 97280K, used 26042K [0x0000000080000000, 0x0000000100000000)
  region size 1024K, 10 young (10240K), 10 survivors (10240K)
 Metaspace       used 27686K, committed 28672K, reserved 1114112K
  class space    used 4005K, committed 4480K, reserved 1048576K
}

