# JRE version: OpenJDK Runtime Environment Temurin-21.0.12.1+1 (21.0.12.1+1) (build 21.0.12.1+1-LTS)
# Java VM: OpenJDK 64-Bit Server VM Temurin-21.0.12.1+1 (21.0.12.1+1-LTS, mixed mode, sharing, tiered, compressed oops, compressed class ptrs, g1 gc, windows-amd64)
GC Precious Log:
 CardTable entry size: 512
 Card Set container configuration: InlinePtr #cards 5 size 8 Array Of Cards #cards 12 size 40 Howl #buckets 4 coarsen threshold 1843 Howl Bitmap #cards 512 size 80 coarsen threshold 460 Card regions per heap region 1 cards per card region 2048
 CPUs: 12 total, 12 available
 Memory: 16068M
 Large Page Support: Disabled
 NUMA Support: Disabled
 Compressed Oops: Enabled (32-bit)
 Heap Region Size: 1M
 Heap Min Capacity: 8M
 Heap Initial Capacity: 252M
 Heap Max Capacity: 2G
 Pre-touch: Disabled
 Parallel Workers: 10
 Concurrent Workers: 3
 Concurrent Refinement Workers: 10
 Periodic GC: Disabled
Heap:
 garbage-first heap   total 81920K, used 37154K [0x0000000080000000, 0x0000000100000000)
  region size 1024K, 6 young (6144K), 3 survivors (3072K)
 Metaspace       used 46003K, committed 47744K, reserved 1114112K
  class space    used 6719K, committed 7552K, reserved 1048576K
GC Heap History (20 events):
Event: 4.017 GC heap before
{Heap before GC invocations=0 (full 0):
 garbage-first heap   total 258048K, used 23552K [0x0000000080000000, 0x0000000100000000)
  region size 1024K, 23 young (23552K), 0 survivors (0K)
 Metaspace       used 865K, committed 1024K, reserved 1114112K
  class space    used 71K, committed 128K, reserved 1048576K
}
Event: 5.280 GC heap after
{Heap after GC invocations=1 (full 0):
 garbage-first heap   total 258048K, used 1450K [0x0000000080000000, 0x0000000100000000)
  region size 1024K, 2 young (2048K), 2 survivors (2048K)
 Metaspace       used 865K, committed 1024K, reserved 1114112K
  class space    used 71K, committed 128K, reserved 1048576K
}
Event: 10.271 GC heap before
{Heap before GC invocations=1 (full 0):
 garbage-first heap   total 258048K, used 40362K [0x0000000080000000, 0x0000000100000000)
  region size 1024K, 38 young (38912K), 2 survivors (2048K)
 Metaspace       used 4466K, committed 4672K, reserved 1114112K
  class space    used 583K, committed 704K, reserved 1048576K
}
Event: 10.282 GC heap after
{Heap after GC invocations=2 (full 0):
 garbage-first heap   total 258048K, used 10433K [0x0000000080000000, 0x0000000100000000)
  region size 1024K, 5 young (5120K), 5 survivors (5120K)
 Metaspace       used 4466K, committed 4672K, reserved 1114112K
  class space    used 583K, committed 704K, reserved 1048576K
}
Event: 61.463 GC heap before
{Heap before GC invocations=2 (full 0):
 garbage-first heap   total 258048K, used 80065K [0x0000000080000000, 0x0000000100000000)
  region size 1024K, 72 young (73728K), 5 survivors (5120K)
 Metaspace       used 9302K, committed 9600K, reserved 1114112K
  class space    used 1267K, committed 1408K, reserved 1048576K
}
Event: 61.504 GC heap after
{Heap after GC invocations=3 (full 0):
 garbage-first heap   total 258048K, used 18432K [0x0000000080000000, 0x0000000100000000)
  region size 1024K, 9 young (9216K), 9 survivors (9216K)
 Metaspace       used 9302K, committed 9600K, reserved 1114112K
  class space    used 1267K, committed 1408K, reserved 1048576K
}
Event: 279.503 GC heap before
{Heap before GC invocations=3 (full 0):
 garbage-first heap   total 258048K, used 102400K [0x0000000080000000, 0x0000000100000000)
  region size 1024K, 90 young (92160K), 9 survivors (9216K)
 Metaspace       used 20841K, committed 21504K, reserved 1114112K
  class space    used 2884K, committed 3200K, reserved 1048576K
}
Event: 279.523 GC heap after
{Heap after GC invocations=4 (full 0):
 garbage-first heap   total 258048K, used 23809K [0x0000000080000000, 0x0000000100000000)
  region size 1024K, 15 young (15360K), 15 survivors (15360K)
 Metaspace       used 20841K, committed 21504K, reserved 1114112K
  class space    used 2884K, committed 3200K, reserved 1048576K
}
Event: 282.047 GC heap before
{Heap before GC invocations=5 (full 0):
 garbage-first heap   total 81920K, used 57601K [0x0000000080000000, 0x0000000100000000)
  region size 1024K, 48 young (49152K), 15 survivors (15360K)
 Metaspace       used 24782K, committed 25664K, reserved 1114112K
  class space    used 3533K, committed 3968K, reserved 1048576K
}
Event: 282.057 GC heap after
{Heap after GC invocations=6 (full 0):
 garbage-first heap   total 81920K, used 25695K [0x0000000080000000, 0x0000000100000000)
  region size 1024K, 3 young (3072K), 3 survivors (3072K)
 Metaspace       used 24782K, committed 25664K, reserved 1114112K
  class space    used 3533K, committed 3968K, reserved 1048576K
}
Event: 283.875 GC heap before
{Heap before GC invocations=6 (full 0):
 garbage-first heap   total 81920K, used 65631K [0x0000000080000000, 0x0000000100000000)
  region size 1024K, 42 young (43008K), 3 survivors (3072K)
 Metaspace       used 29964K, committed 31168K, reserved 1114112K
  class space    used 4387K, committed 4992K, reserved 1048576K
}
Event: 283.880 GC heap after
{Heap after GC invocations=7 (full 0):
 garbage-first heap   total 81920K, used 27276K [0x0000000080000000, 0x0000000100000000)
  region size 1024K, 5 young (5120K), 5 survivors (5120K)
 Metaspace       used 29964K, committed 31168K, reserved 1114112K
  class space    used 4387K, committed 4992K, reserved 1048576K
}
Event: 318.004 GC heap before
{Heap before GC invocations=7 (full 0):
 garbage-first heap   total 81920K, used 65164K [0x0000000080000000, 0x0000000100000000)
  region size 1024K, 44 young (45056K), 5 survivors (5120K)
 Metaspace       used 35306K, committed 36608K, reserved 1114112K
  class space    used 5100K, committed 5760K, reserved 1048576K
}
Event: 318.021 GC heap after
{Heap after GC invocations=8 (full 0):
 garbage-first heap   total 81920K, used 29917K [0x0000000080000000, 0x0000000100000000)
  region size 1024K, 5 young (5120K), 5 survivors (5120K)
 Metaspace       used 35306K, committed 36608K, reserved 1114112K
  class space    used 5100K, committed 5760K, reserved 1048576K
}
Event: 321.374 GC heap before
{Heap before GC invocations=9 (full 0):
 garbage-first heap   total 81920K, used 68829K [0x0000000080000000, 0x0000000100000000)
  region size 1024K, 43 young (44032K), 5 survivors (5120K)
 Metaspace       used 38697K, committed 40192K, reserved 1114112K
  class space    used 5607K, committed 6336K, reserved 1048576K
}
Event: 321.383 GC heap after
{Heap after GC invocations=10 (full 0):
 garbage-first heap   total 81920K, used 32705K [0x0000000080000000, 0x0000000100000000)
  region size 1024K, 6 young (6144K), 6 survivors (6144K)
 Metaspace       used 38697K, committed 40192K, reserved 1114112K
  class space    used 5607K, committed 6336K, reserved 1048576K
}
Event: 328.584 GC heap before
{Heap before GC invocations=10 (full 0):
 garbage-first heap   total 81920K, used 70593K [0x0000000080000000, 0x0000000100000000)
  region size 1024K, 43 young (44032K), 6 survivors (6144K)
 Metaspace       used 41180K, committed 42816K, reserved 1114112K
  class space    used 6028K, committed 6848K, reserved 1048576K
}
Event: 328.590 GC heap after
{Heap after GC invocations=11 (full 0):
 garbage-first heap   total 81920K, used 33776K [0x0000000080000000, 0x0000000100000000)
  region size 1024K, 5 young (5120K), 5 survivors (5120K)
 Metaspace       used 41180K, committed 42816K, reserved 1114112K
  class space    used 6028K, committed 6848K, reserved 1048576K
}
Event: 330.093 GC heap before
{Heap before GC invocations=11 (full 0):
 garbage-first heap   total 81920K, used 71664K [0x0000000080000000, 0x0000000100000000)
  region size 1024K, 42 young (43008K), 5 survivors (5120K)
 Metaspace       used 45752K, committed 47424K, reserved 1114112K
  class space    used 6691K, committed 7488K, reserved 1048576K
}
Event: 330.098 GC heap after
{Heap after GC invocations=12 (full 0):
 garbage-first heap   total 81920K, used 35106K [0x0000000080000000, 0x0000000100000000)
  region size 1024K, 3 young (3072K), 3 survivors (3072K)
 Metaspace       used 45752K, committed 47424K, reserved 1114112K
  class space    used 6691K, committed 7488K, reserved 1048576K
}

