# JRE version: OpenJDK Runtime Environment Temurin-21.0.12.1+1 (21.0.12.1+1) (build 21.0.12.1+1-LTS)
# Java VM: OpenJDK 64-Bit Server VM Temurin-21.0.12.1+1 (21.0.12.1+1-LTS, mixed mode, sharing, tiered, compressed oops, compressed class ptrs, g1 gc, windows-amd64)
GC Precious Log:
 CardTable entry size: 512
 Card Set container configuration: InlinePtr #cards 5 size 8 Array Of Cards #cards 12 size 40 Howl #buckets 4 coarsen threshold 1843 Howl Bitmap #cards 512 size 80 coarsen threshold 460 Card regions per heap region 1 cards per card region 2048
 CPUs: 12 total, 12 available
 Memory: 16068M
 Large Page Support: Disabled
 NUMA Support: Disabled
 Compressed Oops: Enabled (32-bit)
 Heap Region Size: 1M
 Heap Min Capacity: 8M
 Heap Initial Capacity: 252M
 Heap Max Capacity: 2G
 Pre-touch: Disabled
 Parallel Workers: 10
 Concurrent Workers: 3
 Concurrent Refinement Workers: 10
 Periodic GC: Disabled
Heap:
 garbage-first heap   total 81920K, used 52701K [0x0000000080000000, 0x0000000100000000)
  region size 1024K, 26 young (26624K), 6 survivors (6144K)
 Metaspace       used 38882K, committed 40448K, reserved 1114112K
  class space    used 5634K, committed 6400K, reserved 1048576K
GC Heap History (16 events):
Event: 5.434 GC heap before
{Heap before GC invocations=0 (full 0):
 garbage-first heap   total 258048K, used 23552K [0x0000000080000000, 0x0000000100000000)
  region size 1024K, 23 young (23552K), 0 survivors (0K)
 Metaspace       used 886K, committed 1024K, reserved 1114112K
  class space    used 73K, committed 128K, reserved 1048576K
}
Event: 6.458 GC heap after
{Heap after GC invocations=1 (full 0):
 garbage-first heap   total 258048K, used 1450K [0x0000000080000000, 0x0000000100000000)
  region size 1024K, 2 young (2048K), 2 survivors (2048K)
 Metaspace       used 886K, committed 1024K, reserved 1114112K
  class space    used 73K, committed 128K, reserved 1048576K
}
Event: 9.949 GC heap before
{Heap before GC invocations=1 (full 0):
 garbage-first heap   total 258048K, used 40362K [0x0000000080000000, 0x0000000100000000)
  region size 1024K, 38 young (38912K), 2 survivors (2048K)
 Metaspace       used 4481K, committed 4672K, reserved 1114112K
  class space    used 584K, committed 704K, reserved 1048576K
}
Event: 9.955 GC heap after
{Heap after GC invocations=2 (full 0):
 garbage-first heap   total 258048K, used 10804K [0x0000000080000000, 0x0000000100000000)
  region size 1024K, 5 young (5120K), 5 survivors (5120K)
 Metaspace       used 4481K, committed 4672K, reserved 1114112K
  class space    used 584K, committed 704K, reserved 1048576K
}
Event: 34.237 GC heap before
{Heap before GC invocations=2 (full 0):
 garbage-first heap   total 258048K, used 70196K [0x0000000080000000, 0x0000000100000000)
  region size 1024K, 61 young (62464K), 5 survivors (5120K)
 Metaspace       used 6747K, committed 6976K, reserved 1114112K
  class space    used 927K, committed 1024K, reserved 1048576K
}
Event: 34.250 GC heap after
{Heap after GC invocations=3 (full 0):
 garbage-first heap   total 258048K, used 17641K [0x0000000080000000, 0x0000000100000000)
  region size 1024K, 8 young (8192K), 8 survivors (8192K)
 Metaspace       used 6747K, committed 6976K, reserved 1114112K
  class space    used 927K, committed 1024K, reserved 1048576K
}
Event: 284.324 GC heap before
{Heap before GC invocations=3 (full 0):
 garbage-first heap   total 258048K, used 111849K [0x0000000080000000, 0x0000000100000000)
  region size 1024K, 100 young (102400K), 8 survivors (8192K)
 Metaspace       used 20877K, committed 21504K, reserved 1114112K
  class space    used 2889K, committed 3200K, reserved 1048576K
}
Event: 284.599 GC heap after
{Heap after GC invocations=4 (full 0):
 garbage-first heap   total 258048K, used 23654K [0x0000000080000000, 0x0000000100000000)
  region size 1024K, 14 young (14336K), 14 survivors (14336K)
 Metaspace       used 20877K, committed 21504K, reserved 1114112K
  class space    used 2889K, committed 3200K, reserved 1048576K
}
Event: 286.362 GC heap before
{Heap before GC invocations=5 (full 0):
 garbage-first heap   total 81920K, used 58470K [0x0000000080000000, 0x0000000100000000)
  region size 1024K, 48 young (49152K), 14 survivors (14336K)
 Metaspace       used 24982K, committed 25920K, reserved 1114112K
  class space    used 3562K, committed 4032K, reserved 1048576K
}
Event: 286.373 GC heap after
{Heap after GC invocations=6 (full 0):
 garbage-first heap   total 81920K, used 25506K [0x0000000080000000, 0x0000000100000000)
  region size 1024K, 3 young (3072K), 3 survivors (3072K)
 Metaspace       used 24982K, committed 25920K, reserved 1114112K
  class space    used 3562K, committed 4032K, reserved 1048576K
}
Event: 291.328 GC heap before
{Heap before GC invocations=6 (full 0):
 garbage-first heap   total 81920K, used 65442K [0x0000000080000000, 0x0000000100000000)
  region size 1024K, 42 young (43008K), 3 survivors (3072K)
 Metaspace       used 30042K, committed 31296K, reserved 1114112K
  class space    used 4397K, committed 4992K, reserved 1048576K
}
Event: 291.334 GC heap after
{Heap after GC invocations=7 (full 0):
 garbage-first heap   total 81920K, used 27907K [0x0000000080000000, 0x0000000100000000)
  region size 1024K, 5 young (5120K), 5 survivors (5120K)
 Metaspace       used 30042K, committed 31296K, reserved 1114112K
  class space    used 4397K, committed 4992K, reserved 1048576K
}
Event: 315.387 GC heap before
{Heap before GC invocations=7 (full 0):
 garbage-first heap   total 81920K, used 61699K [0x0000000080000000, 0x0000000100000000)
  region size 1024K, 40 young (40960K), 5 survivors (5120K)
 Metaspace       used 34762K, committed 36096K, reserved 1114112K
  class space    used 5054K, committed 5696K, reserved 1048576K
}
Event: 315.399 GC heap after
{Heap after GC invocations=8 (full 0):
 garbage-first heap   total 81920K, used 29843K [0x0000000080000000, 0x0000000100000000)
  region size 1024K, 4 young (4096K), 4 survivors (4096K)
 Metaspace       used 34762K, committed 36096K, reserved 1114112K
  class space    used 5054K, committed 5696K, reserved 1048576K
}
Event: 325.745 GC heap before
{Heap before GC invocations=9 (full 0):
 garbage-first heap   total 81920K, used 69779K [0x0000000080000000, 0x0000000100000000)
  region size 1024K, 43 young (44032K), 4 survivors (4096K)
 Metaspace       used 38735K, committed 40256K, reserved 1114112K
  class space    used 5613K, committed 6336K, reserved 1048576K
}
Event: 325.754 GC heap after
{Heap after GC invocations=10 (full 0):
 garbage-first heap   total 81920K, used 33245K [0x0000000080000000, 0x0000000100000000)
  region size 1024K, 6 young (6144K), 6 survivors (6144K)
 Metaspace       used 38735K, committed 40256K, reserved 1114112K
  class space    used 5613K, committed 6336K, reserved 1048576K
}

