# JRE version: OpenJDK Runtime Environment Temurin-21.0.12.1+1 (21.0.12.1+1) (build 21.0.12.1+1-LTS)
# Java VM: OpenJDK 64-Bit Server VM Temurin-21.0.12.1+1 (21.0.12.1+1-LTS, mixed mode, sharing, tiered, compressed oops, compressed class ptrs, g1 gc, windows-amd64)
GC Precious Log:
 CardTable entry size: 512
 Card Set container configuration: InlinePtr #cards 5 size 8 Array Of Cards #cards 12 size 40 Howl #buckets 4 coarsen threshold 1843 Howl Bitmap #cards 512 size 80 coarsen threshold 460 Card regions per heap region 1 cards per card region 2048
 CPUs: 12 total, 12 available
 Memory: 16068M
 Large Page Support: Disabled
 NUMA Support: Disabled
 Compressed Oops: Enabled (32-bit)
 Heap Region Size: 1M
 Heap Min Capacity: 8M
 Heap Initial Capacity: 252M
 Heap Max Capacity: 2G
 Pre-touch: Disabled
 Parallel Workers: 10
 Concurrent Workers: 3
 Concurrent Refinement Workers: 10
 Periodic GC: Disabled
Heap:
 garbage-first heap   total 258048K, used 65865K [0x0000000080000000, 0x0000000100000000)
  region size 1024K, 55 young (56320K), 5 survivors (5120K)
 Metaspace       used 12377K, committed 12800K, reserved 1114112K
  class space    used 1688K, committed 1856K, reserved 1048576K
GC Heap History (6 events):
Event: 9.670 GC heap before
{Heap before GC invocations=0 (full 0):
 garbage-first heap   total 258048K, used 23552K [0x0000000080000000, 0x0000000100000000)
  region size 1024K, 23 young (23552K), 0 survivors (0K)
 Metaspace       used 983K, committed 1088K, reserved 1114112K
  class space    used 80K, committed 128K, reserved 1048576K
}
Event: 13.868 GC heap after
{Heap after GC invocations=1 (full 0):
 garbage-first heap   total 258048K, used 1770K [0x0000000080000000, 0x0000000100000000)
  region size 1024K, 2 young (2048K), 2 survivors (2048K)
 Metaspace       used 983K, committed 1088K, reserved 1114112K
  class space    used 80K, committed 128K, reserved 1048576K
}
Event: 20.793 GC heap before
{Heap before GC invocations=1 (full 0):
 garbage-first heap   total 258048K, used 37610K [0x0000000080000000, 0x0000000100000000)
  region size 1024K, 35 young (35840K), 2 survivors (2048K)
 Metaspace       used 4420K, committed 4672K, reserved 1114112K
  class space    used 584K, committed 704K, reserved 1048576K
}
Event: 20.800 GC heap after
{Heap after GC invocations=2 (full 0):
 garbage-first heap   total 258048K, used 10652K [0x0000000080000000, 0x0000000100000000)
  region size 1024K, 5 young (5120K), 5 survivors (5120K)
 Metaspace       used 4420K, committed 4672K, reserved 1114112K
  class space    used 584K, committed 704K, reserved 1048576K
}
Event: 38.375 GC heap before
{Heap before GC invocations=2 (full 0):
 garbage-first heap   total 258048K, used 59804K [0x0000000080000000, 0x0000000100000000)
  region size 1024K, 52 young (53248K), 5 survivors (5120K)
 Metaspace       used 4692K, committed 4928K, reserved 1114112K
  class space    used 606K, committed 704K, reserved 1048576K
}
Event: 38.387 GC heap after
{Heap after GC invocations=3 (full 0):
 garbage-first heap   total 258048K, used 15689K [0x0000000080000000, 0x0000000100000000)
  region size 1024K, 5 young (5120K), 5 survivors (5120K)
 Metaspace       used 4692K, committed 4928K, reserved 1114112K
  class space    used 606K, committed 704K, reserved 1048576K
}

