# JRE version: OpenJDK Runtime Environment Temurin-21.0.12.1+1 (21.0.12.1+1) (build 21.0.12.1+1-LTS)
# Java VM: OpenJDK 64-Bit Server VM Temurin-21.0.12.1+1 (21.0.12.1+1-LTS, mixed mode, sharing, tiered, compressed oops, compressed class ptrs, g1 gc, windows-amd64)
GC Precious Log:
 CardTable entry size: 512
 Card Set container configuration: InlinePtr #cards 5 size 8 Array Of Cards #cards 12 size 40 Howl #buckets 4 coarsen threshold 1843 Howl Bitmap #cards 512 size 80 coarsen threshold 460 Card regions per heap region 1 cards per card region 2048
 CPUs: 12 total, 12 available
 Memory: 16068M
 Large Page Support: Disabled
 NUMA Support: Disabled
 Compressed Oops: Enabled (32-bit)
 Heap Region Size: 1M
 Heap Min Capacity: 8M
 Heap Initial Capacity: 252M
 Heap Max Capacity: 2G
 Pre-touch: Disabled
 Parallel Workers: 10
 Concurrent Workers: 3
 Concurrent Refinement Workers: 10
 Periodic GC: Disabled
Heap:
 garbage-first heap   total 145408K, used 96145K [0x0000000080000000, 0x0000000100000000)
  region size 1024K, 15 young (15360K), 6 survivors (6144K)
 Metaspace       used 84894K, committed 87360K, reserved 1179648K
  class space    used 12308K, committed 13504K, reserved 1048576K
GC Heap History (20 events):
Event: 708.219 GC heap before
{Heap before GC invocations=29 (full 0):
 garbage-first heap   total 114688K, used 88760K [0x0000000080000000, 0x0000000100000000)
  region size 1024K, 23 young (23552K), 2 survivors (2048K)
 Metaspace       used 62323K, committed 64384K, reserved 1114112K
  class space    used 8996K, committed 9984K, reserved 1048576K
}
Event: 708.224 GC heap after
{Heap after GC invocations=30 (full 0):
 garbage-first heap   total 114688K, used 68134K [0x0000000080000000, 0x0000000100000000)
  region size 1024K, 3 young (3072K), 3 survivors (3072K)
 Metaspace       used 62323K, committed 64384K, reserved 1114112K
  class space    used 8996K, committed 9984K, reserved 1048576K
}
Event: 717.033 GC heap before
{Heap before GC invocations=30 (full 0):
 garbage-first heap   total 114688K, used 98854K [0x0000000080000000, 0x0000000100000000)
  region size 1024K, 31 young (31744K), 3 survivors (3072K)
 Metaspace       used 65555K, committed 67648K, reserved 1114112K
  class space    used 9404K, committed 10432K, reserved 1048576K
}
Event: 717.040 GC heap after
{Heap after GC invocations=31 (full 0):
 garbage-first heap   total 114688K, used 70844K [0x0000000080000000, 0x0000000100000000)
  region size 1024K, 3 young (3072K), 3 survivors (3072K)
 Metaspace       used 65555K, committed 67648K, reserved 1114112K
  class space    used 9404K, committed 10432K, reserved 1048576K
}
Event: 725.070 GC heap before
{Heap before GC invocations=31 (full 0):
 garbage-first heap   total 114688K, used 99516K [0x0000000080000000, 0x0000000100000000)
  region size 1024K, 31 young (31744K), 3 survivors (3072K)
 Metaspace       used 67612K, committed 69696K, reserved 1114112K
  class space    used 9719K, committed 10752K, reserved 1048576K
}
Event: 725.078 GC heap after
{Heap after GC invocations=32 (full 0):
 garbage-first heap   total 114688K, used 72230K [0x0000000080000000, 0x0000000100000000)
  region size 1024K, 3 young (3072K), 3 survivors (3072K)
 Metaspace       used 67612K, committed 69696K, reserved 1114112K
  class space    used 9719K, committed 10752K, reserved 1048576K
}
Event: 731.555 GC heap before
{Heap before GC invocations=33 (full 0):
 garbage-first heap   total 121856K, used 108070K [0x0000000080000000, 0x0000000100000000)
  region size 1024K, 32 young (32768K), 3 survivors (3072K)
 Metaspace       used 69646K, committed 71808K, reserved 1114112K
  class space    used 9984K, committed 11008K, reserved 1048576K
}
Event: 731.563 GC heap after
{Heap after GC invocations=34 (full 0):
 garbage-first heap   total 121856K, used 77224K [0x0000000080000000, 0x0000000100000000)
  region size 1024K, 4 young (4096K), 4 survivors (4096K)
 Metaspace       used 69646K, committed 71808K, reserved 1114112K
  class space    used 9984K, committed 11008K, reserved 1048576K
}
Event: 742.780 GC heap before
{Heap before GC invocations=34 (full 0):
 garbage-first heap   total 121856K, used 107944K [0x0000000080000000, 0x0000000100000000)
  region size 1024K, 34 young (34816K), 4 survivors (4096K)
 Metaspace       used 72003K, committed 74112K, reserved 1114112K
  class space    used 10269K, committed 11264K, reserved 1048576K
}
Event: 742.787 GC heap after
{Heap after GC invocations=35 (full 0):
 garbage-first heap   total 121856K, used 78794K [0x0000000080000000, 0x0000000100000000)
  region size 1024K, 2 young (2048K), 2 survivors (2048K)
 Metaspace       used 72003K, committed 74112K, reserved 1114112K
  class space    used 10269K, committed 11264K, reserved 1048576K
}
Event: 746.694 GC heap before
{Heap before GC invocations=35 (full 0):
 garbage-first heap   total 121856K, used 109514K [0x0000000080000000, 0x0000000100000000)
  region size 1024K, 32 young (32768K), 2 survivors (2048K)
 Metaspace       used 73400K, committed 75520K, reserved 1114112K
  class space    used 10443K, committed 11456K, reserved 1048576K
}
Event: 746.702 GC heap after
{Heap after GC invocations=36 (full 0):
 garbage-first heap   total 121856K, used 82258K [0x0000000080000000, 0x0000000100000000)
  region size 1024K, 4 young (4096K), 4 survivors (4096K)
 Metaspace       used 73400K, committed 75520K, reserved 1114112K
  class space    used 10443K, committed 11456K, reserved 1048576K
}
Event: 772.119 GC heap before
{Heap before GC invocations=37 (full 0):
 garbage-first heap   total 138240K, used 108882K [0x0000000080000000, 0x0000000100000000)
  region size 1024K, 31 young (31744K), 4 survivors (4096K)
 Metaspace       used 75374K, committed 77504K, reserved 1179648K
  class space    used 10706K, committed 11712K, reserved 1048576K
}
Event: 772.132 GC heap after
{Heap after GC invocations=38 (full 0):
 garbage-first heap   total 138240K, used 83857K [0x0000000080000000, 0x0000000100000000)
  region size 1024K, 2 young (2048K), 2 survivors (2048K)
 Metaspace       used 75374K, committed 77504K, reserved 1179648K
  class space    used 10706K, committed 11712K, reserved 1048576K
}
Event: 805.172 GC heap before
{Heap before GC invocations=38 (full 0):
 garbage-first heap   total 138240K, used 121745K [0x0000000080000000, 0x0000000100000000)
  region size 1024K, 39 young (39936K), 2 survivors (2048K)
 Metaspace       used 78174K, committed 80320K, reserved 1179648K
  class space    used 11169K, committed 12224K, reserved 1048576K
}
Event: 805.177 GC heap after
{Heap after GC invocations=39 (full 0):
 garbage-first heap   total 138240K, used 84234K [0x0000000080000000, 0x0000000100000000)
  region size 1024K, 3 young (3072K), 3 survivors (3072K)
 Metaspace       used 78174K, committed 80320K, reserved 1179648K
  class space    used 11169K, committed 12224K, reserved 1048576K
}
Event: 812.906 GC heap before
{Heap before GC invocations=39 (full 0):
 garbage-first heap   total 138240K, used 123146K [0x0000000080000000, 0x0000000100000000)
  region size 1024K, 41 young (41984K), 3 survivors (3072K)
 Metaspace       used 81214K, committed 83392K, reserved 1179648K
  class space    used 11700K, committed 12736K, reserved 1048576K
}
Event: 812.912 GC heap after
{Heap after GC invocations=40 (full 0):
 garbage-first heap   total 138240K, used 85923K [0x0000000080000000, 0x0000000100000000)
  region size 1024K, 5 young (5120K), 5 survivors (5120K)
 Metaspace       used 81214K, committed 83392K, reserved 1179648K
  class space    used 11700K, committed 12736K, reserved 1048576K
}
Event: 817.712 GC heap before
{Heap before GC invocations=41 (full 0):
 garbage-first heap   total 145408K, used 124835K [0x0000000080000000, 0x0000000100000000)
  region size 1024K, 43 young (44032K), 5 survivors (5120K)
 Metaspace       used 84123K, committed 86464K, reserved 1179648K
  class space    used 12157K, committed 13312K, reserved 1048576K
}
Event: 817.717 GC heap after
{Heap after GC invocations=42 (full 0):
 garbage-first heap   total 145408K, used 87953K [0x0000000080000000, 0x0000000100000000)
  region size 1024K, 6 young (6144K), 6 survivors (6144K)
 Metaspace       used 84123K, committed 86464K, reserved 1179648K
  class space    used 12157K, committed 13312K, reserved 1048576K
}

